<?xml version="1.0" encoding="UTF-8"?>
<!-- Generated by org.testng.reporters.JUnitReportReporter -->
<testsuite skipped="0" hostname="DESKTOP-ELRLJGB" name="Test.TestloginPage" tests="2" failures="0" timestamp="2020-12-25T13:25:24 IST" time="38.503" errors="0">
  <testcase name="Login" time="20.544" classname="Test.TestloginPage"/>
  <system-out/>
  <testcase name="Login1" time="17.959" classname="Test.TestloginPage"/>
  <system-out/>
</testsuite> <!-- Test.TestloginPage -->
